2025-10-13 11:05:44 - INFO - Response: Certainly! Here's a list of the Knowledge Objects in the three Knowledge Sets as per the metadata context provided:

**KS1: Genotype to Phenotype Mapping**
1. CPIC_Phenotype_CYP2C19
2. CPIC_Phenotype_CYP2C9
3. CPIC_Phenotype_CYP2D6-V1
4. CPIC_Phenotype_CYP2D6
5. CPIC_Phenotype_CYP3A5
6. CPIC_Phenotype_SLCO1B1
7. CPIC_Phenotype_TPMT
8. CPIC_Phenotype_UGT1A1

**KS2: Phenotype to Recommendation Mapping**
1. CPICRec_abacavir_HLA-B
2. CPICRec_allopurinol_HLA-B
3. CPICRec_amitriptyline_CYP2C19_CYP2D6
4. CPICRec_atazanavir_UGT1A1
5. CPICRec_azathioprine_TPMT
6. CPICRec_carbamazepine_HLA-A_HLA-B
7. CPICRec_citalopram_CYP2C19
8. CPICRec_clomipramine_CYP2C19_CYP2D6
9. CPICRec_clopidogrel_CYP2C19
10. CPICRec_codeine_CYP2D6
11. CPICRec_tramadol_CYP2D6
12. CPICRec_desipramine_CYP2C19_CYP2D6
13. CPICRec_doxepin_CYP2C19_CYP2D6
14. CPICRec_escitalopram_CYP2C19
15. CPICRec_fluvoxamine_CYP2D6
16. CPICRec_imipramine_CYP2C19_CYP2D6
17. CPICRec_mercaptopurine_TPMT
18. CPICRec_nortripyline_CYP2C19_CYP2D6
19. CPICRec_ondansetron_CYP2D6
20. CPICRec_oxcarbazepine_HLA-B
21. CPICRec_paroxetine_CYP2D6
22. CPICRec_phenytoin_CYP2C9_HLA-B
23. CPICRec_sertraline_CYP2C19
24. CPICRec_simvastatin_SLCO1B1
25. CPICRec_tacrolimus_CYP3A5
26. CPICRec_thioguanine_TPMT
27. CPICRec_trimipramine_CYP2C19_CYP2D6
28. CPICRec_tropisetron_CYP2D6
29. CPICRec_voriconazole_CYP2C19

**KS3: Phenotype to Recommendation Mapping (under DPWG guidelines)**
1. DPWGRec_amitriptyline_CYP2C19
2. DPWGRec_clomipramine_CYP2C19
3. DPWGRec_escitalopram_CYP2C19

These Knowledge Objects are identified within the metadata as belonging to each specified Knowledge Set.
2025-10-13 11:05:44 - INFO - 127.0.0.1 - - [13/Oct/2025 11:05:44] "GET /check_response/cf172a82-ec6b-441d-aa99-a1233c2d9def HTTP/1.1" 200 -
